<?xml version="1.0" encoding="UTF-8"?>
<testng-results ignored="0" total="6" passed="6" failed="0" skipped="0">
  <reporter-output>
  </reporter-output>
  <suite started-at="2022-04-22T22:14:03 EDT" name="Default suite" finished-at="2022-04-22T22:14:10 EDT" duration-ms="6329">
    <groups>
    </groups>
    <test started-at="2022-04-22T22:14:03 EDT" name="Default test" finished-at="2022-04-22T22:14:10 EDT" duration-ms="6329">
      <class name="newObjectPageModelProperty.OldTest4">
        <test-method is-config="true" signature="setup()[pri:0, instance:newObjectPageModelProperty.OldTest4@5e82df6a]" started-at="2022-04-22T22:14:03 EDT" name="setup" finished-at="2022-04-22T22:14:07 EDT" duration-ms="3260" status="PASS">
          <reporter-output>
          </reporter-output>
        </test-method> <!-- setup -->
        <test-method signature="Tc1()[pri:1, instance:newObjectPageModelProperty.OldTest4@5e82df6a]" started-at="2022-04-22T22:14:07 EDT" name="Tc1" finished-at="2022-04-22T22:14:07 EDT" duration-ms="84" status="PASS">
          <reporter-output>
          </reporter-output>
        </test-method> <!-- Tc1 -->
        <test-method signature="Tc2()[pri:2, instance:newObjectPageModelProperty.OldTest4@5e82df6a]" started-at="2022-04-22T22:14:07 EDT" name="Tc2" finished-at="2022-04-22T22:14:07 EDT" duration-ms="538" status="PASS">
          <reporter-output>
          </reporter-output>
        </test-method> <!-- Tc2 -->
        <test-method signature="Tc3()[pri:3, instance:newObjectPageModelProperty.OldTest4@5e82df6a]" started-at="2022-04-22T22:14:07 EDT" name="Tc3" finished-at="2022-04-22T22:14:07 EDT" duration-ms="101" status="PASS">
          <reporter-output>
          </reporter-output>
        </test-method> <!-- Tc3 -->
        <test-method signature="Tc4()[pri:4, instance:newObjectPageModelProperty.OldTest4@5e82df6a]" started-at="2022-04-22T22:14:07 EDT" name="Tc4" finished-at="2022-04-22T22:14:08 EDT" duration-ms="532" status="PASS">
          <reporter-output>
          </reporter-output>
        </test-method> <!-- Tc4 -->
        <test-method signature="Tc5()[pri:5, instance:newObjectPageModelProperty.OldTest4@5e82df6a]" started-at="2022-04-22T22:14:08 EDT" name="Tc5" finished-at="2022-04-22T22:14:08 EDT" duration-ms="274" status="PASS">
          <reporter-output>
          </reporter-output>
        </test-method> <!-- Tc5 -->
        <test-method signature="Tc6()[pri:6, instance:newObjectPageModelProperty.OldTest4@5e82df6a]" started-at="2022-04-22T22:14:08 EDT" name="Tc6" finished-at="2022-04-22T22:14:10 EDT" duration-ms="1500" status="PASS">
          <reporter-output>
          </reporter-output>
        </test-method> <!-- Tc6 -->
      </class> <!-- newObjectPageModelProperty.OldTest4 -->
    </test> <!-- Default test -->
  </suite> <!-- Default suite -->
</testng-results>
