<?xml version="1.0" encoding="UTF-8"?>
<!-- Generated by org.testng.reporters.JUnitXMLReporter -->
<testsuite ignored="0" hostname="DESKTOP-GTBN2KK" failures="0" tests="6" name="Default test" time="6.329" errors="0" timestamp="2022-04-22T22:14:10 EDT">
  <testcase classname="newObjectPageModelProperty.OldTest4" name="Tc1" time="0.084"/>
  <testcase classname="newObjectPageModelProperty.OldTest4" name="Tc2" time="0.538"/>
  <testcase classname="newObjectPageModelProperty.OldTest4" name="Tc3" time="0.101"/>
  <testcase classname="newObjectPageModelProperty.OldTest4" name="Tc4" time="0.532"/>
  <testcase classname="newObjectPageModelProperty.OldTest4" name="Tc5" time="0.274"/>
  <testcase classname="newObjectPageModelProperty.OldTest4" name="Tc6" time="1.5"/>
</testsuite> <!-- Default test -->
